<?xml version="1.0" encoding="UTF-8"?>
<!-- Generated by org.testng.reporters.JUnitReportReporter -->
<testsuite hostname="WASPL-0138" failures="0" tests="1" name="com.automation.test.SearchTest" time="515.754" errors="0" timestamp="10 Mar 2019 16:55:51 GMT">
  <testcase classname="com.automation.test.SearchTest" name="ProducersideSearch" time="515.754"/>
</testsuite> <!-- com.automation.test.SearchTest -->
