<?xml version="1.0" encoding="UTF-8"?>
<!-- Generated by org.testng.reporters.JUnitReportReporter -->
<testsuite hostname="localhost.localdomain" name="com.automation.regressionsuite.SurveyEndToEndTest" tests="17" failures="0" timestamp="24 Apr 2015 13:47:30 GMT" time="2897.808" errors="0">
  <testcase name="surveyE2ETest" time="167.674" classname="com.automation.regressionsuite.SurveyEndToEndTest"/>
  <testcase name="surveyE2ETest" time="176.938" classname="com.automation.regressionsuite.SurveyEndToEndTest"/>
  <testcase name="surveyE2ETest" time="171.059" classname="com.automation.regressionsuite.SurveyEndToEndTest"/>
  <testcase name="surveyE2ETest" time="171.535" classname="com.automation.regressionsuite.SurveyEndToEndTest"/>
  <testcase name="surveyE2ETest" time="168.777" classname="com.automation.regressionsuite.SurveyEndToEndTest"/>
  <testcase name="surveyE2ETest" time="167.843" classname="com.automation.regressionsuite.SurveyEndToEndTest"/>
  <testcase name="surveyE2ETest" time="168.511" classname="com.automation.regressionsuite.SurveyEndToEndTest"/>
  <testcase name="surveyE2ETest" time="171.442" classname="com.automation.regressionsuite.SurveyEndToEndTest"/>
  <testcase name="surveyE2ETest" time="170.846" classname="com.automation.regressionsuite.SurveyEndToEndTest"/>
  <testcase name="surveyE2ETest" time="166.774" classname="com.automation.regressionsuite.SurveyEndToEndTest"/>
  <testcase name="surveyE2ETest" time="170.765" classname="com.automation.regressionsuite.SurveyEndToEndTest"/>
  <testcase name="surveyE2ETest" time="173.726" classname="com.automation.regressionsuite.SurveyEndToEndTest"/>
  <testcase name="surveyE2ETest" time="172.036" classname="com.automation.regressionsuite.SurveyEndToEndTest"/>
  <testcase name="surveyE2ETest" time="171.290" classname="com.automation.regressionsuite.SurveyEndToEndTest"/>
  <testcase name="surveyE2ETest" time="167.582" classname="com.automation.regressionsuite.SurveyEndToEndTest"/>
  <testcase name="surveyE2ETest" time="170.678" classname="com.automation.regressionsuite.SurveyEndToEndTest"/>
  <testcase name="surveyE2ETest" time="170.332" classname="com.automation.regressionsuite.SurveyEndToEndTest"/>
</testsuite> <!-- com.automation.regressionsuite.SurveyEndToEndTest -->
