<?xml version="1.0" encoding="UTF-8"?>
<!-- Generated by org.testng.reporters.JUnitReportReporter -->
<testsuite hostname="localhost.localdomain" name="com.automation.regressionsuite.ProcessEndToEndTest" tests="10" failures="0" timestamp="24 Apr 2015 12:50:21 GMT" time="2030.122" errors="0">
  <testcase name="processE2ETest" time="138.678" classname="com.automation.regressionsuite.ProcessEndToEndTest"/>
  <testcase name="processE2ETest" time="296.276" classname="com.automation.regressionsuite.ProcessEndToEndTest"/>
  <testcase name="processE2ETest" time="89.754" classname="com.automation.regressionsuite.ProcessEndToEndTest"/>
  <testcase name="processE2ETest" time="238.844" classname="com.automation.regressionsuite.ProcessEndToEndTest"/>
  <testcase name="processE2ETest" time="93.035" classname="com.automation.regressionsuite.ProcessEndToEndTest"/>
  <testcase name="processE2ETest" time="249.950" classname="com.automation.regressionsuite.ProcessEndToEndTest"/>
  <testcase name="processE2ETest" time="139.815" classname="com.automation.regressionsuite.ProcessEndToEndTest"/>
  <testcase name="processE2ETest" time="319.384" classname="com.automation.regressionsuite.ProcessEndToEndTest"/>
  <testcase name="processE2ETest" time="239.462" classname="com.automation.regressionsuite.ProcessEndToEndTest"/>
  <testcase name="processE2ETest" time="224.924" classname="com.automation.regressionsuite.ProcessEndToEndTest"/>
</testsuite> <!-- com.automation.regressionsuite.ProcessEndToEndTest -->
