<?xml version="1.0" encoding="UTF-8"?>
<!-- Generated by org.testng.reporters.JUnitReportReporter -->
<testsuite hostname="localhost.localdomain" name="com.automation.regressionsuite.LoginTest" tests="3" failures="0" timestamp="24 Apr 2015 12:04:58 GMT" time="126.066" errors="0">
  <testcase name="verifyLogin" time="126.065" classname="com.automation.regressionsuite.LoginTest"/>
  <testcase name="verifyLoginHelp" time="0.000" classname="com.automation.regressionsuite.LoginTest"/>
  <testcase name="verifyForgotPassword" time="0.001" classname="com.automation.regressionsuite.LoginTest"/>
</testsuite> <!-- com.automation.regressionsuite.LoginTest -->
